<?xml version="1.0" encoding="UTF-8"?>
<!-- Generated by org.testng.reporters.JUnitXMLReporter -->
<testsuite ignored="0" hostname="DESKTOP-LGUVR7P" failures="1" tests="2" name="Test" time="23.067" errors="0" timestamp="2021-10-24T17:41:38 IST">
  <testcase classname="TestRegression.TestCasesUIKW" name="titleOfHomePage" time="3.985"/>
  <testcase classname="uiTest.SignUPPageTests" name="validateFirstNameField" time="7.535">
    <failure type="java.lang.AssertionError" message="expected [true] but found [false]">
      <![CDATA[java.lang.AssertionError: expected [true] but found [false]
at uiTest.SignUPPageTests.validateFirstNameField(SignUPPageTests.java:61)
at java.base/java.util.ArrayList.forEach(ArrayList.java:1511)
... Removed 31 stack frames]]>
    </failure>
  </testcase> <!-- validateFirstNameField -->
</testsuite> <!-- Test -->
